<?xml version="1.0" encoding="UTF-8"?>
<testng-results skipped="0" failed="0" total="1" passed="1">
  <reporter-output>
  </reporter-output>
  <suite name="Julybatch" duration-ms="79524" started-at="2016-08-14T05:48:02Z" finished-at="2016-08-14T05:49:22Z">
    <groups>
      <group name="smoke">
        <method signature="Scenario_Search.testinvalidSearch(java.lang.String, java.lang.String, java.lang.String, java.lang.String)[pri:0, instance:Scenario_Component.Scenario_Search@79be0360]" name="testinvalidSearch" class="Scenario_Component.Scenario_Search"/>
      </group> <!-- smoke -->
    </groups>
    <test name="RegSet1" duration-ms="79524" started-at="2016-08-14T05:48:02Z" finished-at="2016-08-14T05:49:22Z">
      <class name="Scenario_Component.Scenario_Search">
        <test-method status="PASS" signature="testinvalidSearch(java.lang.String, java.lang.String, java.lang.String, java.lang.String)[pri:0, instance:Scenario_Component.Scenario_Search@79be0360]" name="testinvalidSearch" duration-ms="79199" started-at="2016-08-14T11:18:03Z" data-provider="dp_InvalidSearch" finished-at="2016-08-14T11:19:22Z">
          <params>
            <param index="0">
              <value>
                <![CDATA[GB_01]]>
              </value>
            </param>
            <param index="1">
              <value>
                <![CDATA[1.0]]>
              </value>
            </param>
            <param index="2">
              <value>
                <![CDATA[bbbfgghjhj]]>
              </value>
            </param>
            <param index="3">
              <value>
                <![CDATA[Sorry! There are no products to display.]]>
              </value>
            </param>
          </params>
          <reporter-output>
          </reporter-output>
        </test-method> <!-- testinvalidSearch -->
      </class> <!-- Scenario_Component.Scenario_Search -->
    </test> <!-- RegSet1 -->
  </suite> <!-- Julybatch -->
</testng-results>
